[2025-07-01T20:16:11.625+0000] {local_task_job_runner.py:120} INFO - ::group::Pre task execution logs
[2025-07-01T20:16:11.653+0000] {taskinstance.py:2076} INFO - Dependencies all met for dep_context=non-requeueable deps ti=<TaskInstance: dbt_trino_silver_pipeline.dbt_run_silver scheduled__2025-07-01T20:12:00+00:00 [queued]>
[2025-07-01T20:16:11.663+0000] {taskinstance.py:2076} INFO - Dependencies all met for dep_context=requeueable deps ti=<TaskInstance: dbt_trino_silver_pipeline.dbt_run_silver scheduled__2025-07-01T20:12:00+00:00 [queued]>
[2025-07-01T20:16:11.663+0000] {taskinstance.py:2306} INFO - Starting attempt 3 of 3
[2025-07-01T20:16:11.675+0000] {taskinstance.py:2330} INFO - Executing <Task(DockerOperator): dbt_run_silver> on 2025-07-01 20:12:00+00:00
[2025-07-01T20:16:11.681+0000] {logging_mixin.py:188} WARNING - /home/airflow/.local/lib/python3.12/site-packages/airflow/task/task_runner/standard_task_runner.py:62 DeprecationWarning: This process (pid=394) is multi-threaded, use of fork() may lead to deadlocks in the child.
[2025-07-01T20:16:11.682+0000] {standard_task_runner.py:64} INFO - Started process 395 to run task
[2025-07-01T20:16:11.681+0000] {standard_task_runner.py:90} INFO - Running: ['airflow', 'tasks', 'run', 'dbt_trino_silver_pipeline', 'dbt_run_silver', 'scheduled__2025-07-01T20:12:00+00:00', '--job-id', '109', '--raw', '--subdir', 'DAGS_FOLDER/dbt_trino_silver_dadg.py', '--cfg-path', '/tmp/tmpm6_hwbac']
[2025-07-01T20:16:11.683+0000] {standard_task_runner.py:91} INFO - Job 109: Subtask dbt_run_silver
[2025-07-01T20:16:11.725+0000] {task_command.py:426} INFO - Running <TaskInstance: dbt_trino_silver_pipeline.dbt_run_silver scheduled__2025-07-01T20:12:00+00:00 [running]> on host b4eeaef718a2
[2025-07-01T20:16:11.800+0000] {taskinstance.py:2648} INFO - Exporting env vars: AIRFLOW_CTX_DAG_EMAIL='admin@example.com' AIRFLOW_CTX_DAG_OWNER='data-team' AIRFLOW_CTX_DAG_ID='dbt_trino_silver_pipeline' AIRFLOW_CTX_TASK_ID='dbt_run_silver' AIRFLOW_CTX_EXECUTION_DATE='2025-07-01T20:12:00+00:00' AIRFLOW_CTX_TRY_NUMBER='3' AIRFLOW_CTX_DAG_RUN_ID='scheduled__2025-07-01T20:12:00+00:00'
[2025-07-01T20:16:11.800+0000] {taskinstance.py:430} INFO - ::endgroup::
[2025-07-01T20:16:11.846+0000] {docker.py:367} INFO - Starting docker container from image modern-data-pipeline-dbt-trino:latest
[2025-07-01T20:16:11.850+0000] {docker.py:375} WARNING - Using remote engine or docker-in-docker and mounting temporary volume from host is not supported. Falling back to `mount_tmp_dir=False` mode. You can set `mount_tmp_dir` parameter to False to disable mounting and remove the warning
[2025-07-01T20:16:12.146+0000] {docker.py:438} INFO - === Executando dbt run incremental ===
[2025-07-01T20:16:15.637+0000] {docker.py:438} INFO - [0m20:16:15  Running with dbt=1.7.0
[2025-07-01T20:16:15.796+0000] {docker.py:438} INFO - [0m20:16:15  Encountered an error:
[2025-07-01T20:16:15.796+0000] {docker.py:438} INFO - Runtime Error
[2025-07-01T20:16:15.797+0000] {docker.py:438} INFO -   Credentials in profile "agronegocio_iceberg", target "dev" invalid: 'user' is a required property
[2025-07-01T20:16:16.584+0000] {docker.py:438} INFO - jsonschema.exceptions.ValidationError: 'user' is a required property
[2025-07-01T20:16:16.585+0000] {docker.py:438} INFO - 
[2025-07-01T20:16:16.586+0000] {docker.py:438} INFO - Failed validating 'required' in schema:
[2025-07-01T20:16:16.587+0000] {docker.py:438} INFO -     {'type': 'object',
[2025-07-01T20:16:16.587+0000] {docker.py:438} INFO -      'title': 'TrinoNoneCredentials',
[2025-07-01T20:16:16.588+0000] {docker.py:438} INFO -      'properties': {'database': {'type': 'string'},
[2025-07-01T20:16:16.589+0000] {docker.py:438} INFO -                     'schema': {'type': 'string'},
[2025-07-01T20:16:16.589+0000] {docker.py:438} INFO -                     'host': {'type': 'string'},
[2025-07-01T20:16:16.590+0000] {docker.py:438} INFO -                     'port': {'type': 'integer'},
[2025-07-01T20:16:16.591+0000] {docker.py:438} INFO -                     'user': {'type': 'string'},
[2025-07-01T20:16:16.591+0000] {docker.py:438} INFO -                     'client_tags': {'anyOf': [{'type': 'array',
[2025-07-01T20:16:16.592+0000] {docker.py:438} INFO -                                                'items': {'type': 'string'}},
[2025-07-01T20:16:16.592+0000] {docker.py:438} INFO -                                               {'type': 'null'}],
[2025-07-01T20:16:16.593+0000] {docker.py:438} INFO -                                     'default': None},
[2025-07-01T20:16:16.594+0000] {docker.py:438} INFO -                     'roles': {'anyOf': [{'type': 'object',
[2025-07-01T20:16:16.594+0000] {docker.py:438} INFO -                                          'additionalProperties': {'type': 'string'},
[2025-07-01T20:16:16.595+0000] {docker.py:438} INFO -                                          'propertyNames': {'type': 'string'}},
[2025-07-01T20:16:16.596+0000] {docker.py:438} INFO -                                         {'type': 'null'}],
[2025-07-01T20:16:16.596+0000] {docker.py:438} INFO -                               'default': None},
[2025-07-01T20:16:16.597+0000] {docker.py:438} INFO -                     'cert': {'anyOf': [{'type': 'string'},
[2025-07-01T20:16:16.597+0000] {docker.py:438} INFO -                                        {'type': 'null'}],
[2025-07-01T20:16:16.598+0000] {docker.py:438} INFO -                              'default': None},
[2025-07-01T20:16:16.599+0000] {docker.py:438} INFO -                     'http_scheme': {'enum': ['http', 'https'],
[2025-07-01T20:16:16.599+0000] {docker.py:438} INFO -                                     'default': 'http'},
[2025-07-01T20:16:16.600+0000] {docker.py:438} INFO -                     'http_headers': {'anyOf': [{'type': 'object',
[2025-07-01T20:16:16.600+0000] {docker.py:438} INFO -                                                 'additionalProperties': {'type': 'string'},
[2025-07-01T20:16:16.601+0000] {docker.py:438} INFO -                                                 'propertyNames': {'type': 'string'}},
[2025-07-01T20:16:16.602+0000] {docker.py:438} INFO -                                                {'type': 'null'}],
[2025-07-01T20:16:16.603+0000] {docker.py:438} INFO -                                      'default': None},
[2025-07-01T20:16:16.603+0000] {docker.py:438} INFO -                     'session_properties': {'type': 'object',
[2025-07-01T20:16:16.604+0000] {docker.py:438} INFO -                                            'propertyNames': {'type': 'string'}},
[2025-07-01T20:16:16.605+0000] {docker.py:438} INFO -                     'prepared_statements_enabled': {'type': 'boolean',
[2025-07-01T20:16:16.605+0000] {docker.py:438} INFO -                                                     'default': True},
[2025-07-01T20:16:16.606+0000] {docker.py:438} INFO -                     'retries': {'anyOf': [{'type': 'integer'},
[2025-07-01T20:16:16.606+0000] {docker.py:438} INFO -                                           {'type': 'null'}],
[2025-07-01T20:16:16.607+0000] {docker.py:438} INFO -                                 'default': 3},
[2025-07-01T20:16:16.608+0000] {docker.py:438} INFO -                     'timezone': {'anyOf': [{'type': 'string'},
[2025-07-01T20:16:16.608+0000] {docker.py:438} INFO -                                            {'type': 'null'}],
[2025-07-01T20:16:16.609+0000] {docker.py:438} INFO -                                  'default': None}},
[2025-07-01T20:16:16.609+0000] {docker.py:438} INFO -      'additionalProperties': True,
[2025-07-01T20:16:16.610+0000] {docker.py:438} INFO -      'required': ['database', 'schema', 'host', 'port', 'user']}
[2025-07-01T20:16:16.610+0000] {docker.py:438} INFO - 
[2025-07-01T20:16:16.611+0000] {docker.py:438} INFO - On instance:
[2025-07-01T20:16:16.611+0000] {docker.py:438} INFO -     {'method': 'none',
[2025-07-01T20:16:16.611+0000] {docker.py:438} INFO -      'host': 'trino',
[2025-07-01T20:16:16.612+0000] {docker.py:438} INFO -      'port': 8080,
[2025-07-01T20:16:16.612+0000] {docker.py:438} INFO -      'database': 'iceberg',
[2025-07-01T20:16:16.613+0000] {docker.py:438} INFO -      'schema': 'silver',
[2025-07-01T20:16:16.613+0000] {docker.py:438} INFO -      'http_scheme': 'http',
[2025-07-01T20:16:16.614+0000] {docker.py:438} INFO -      'session_properties': {'query_max_run_time': '5m',
[2025-07-01T20:16:16.614+0000] {docker.py:438} INFO -                             'exchange_compression': True}}
[2025-07-01T20:16:16.614+0000] {docker.py:438} INFO - 
[2025-07-01T20:16:16.615+0000] {docker.py:438} INFO - The above exception was the direct cause of the following exception:
[2025-07-01T20:16:16.615+0000] {docker.py:438} INFO - 
[2025-07-01T20:16:16.615+0000] {docker.py:438} INFO - Traceback (most recent call last):
[2025-07-01T20:16:16.616+0000] {docker.py:438} INFO -   File "/usr/local/lib/python3.9/site-packages/dbt/config/profile.py", line 167, in _credentials_from_profile
[2025-07-01T20:16:16.616+0000] {docker.py:438} INFO - cls.validate(data)
[2025-07-01T20:16:16.616+0000] {docker.py:438} INFO -   File "/usr/local/lib/python3.9/site-packages/dbt/adapters/trino/connections.py", line 57, in validate
[2025-07-01T20:16:16.617+0000] {docker.py:438} INFO - return klazz.validate(data)
[2025-07-01T20:16:16.617+0000] {docker.py:438} INFO -   File "/usr/local/lib/python3.9/site-packages/dbt/dataclass_schema.py", line 89, in validate
[2025-07-01T20:16:16.618+0000] {docker.py:438} INFO - raise ValidationError.create_from(error) from error
[2025-07-01T20:16:16.618+0000] {docker.py:438} INFO - dbt.dataclass_schema.ValidationError: 'user' is a required property
[2025-07-01T20:16:16.618+0000] {docker.py:438} INFO - 
[2025-07-01T20:16:16.619+0000] {docker.py:438} INFO - Failed validating 'required' in schema:
[2025-07-01T20:16:16.619+0000] {docker.py:438} INFO -     {'type': 'object',
[2025-07-01T20:16:16.619+0000] {docker.py:438} INFO -      'title': 'TrinoNoneCredentials',
[2025-07-01T20:16:16.620+0000] {docker.py:438} INFO -      'properties': {'database': {'type': 'string'},
[2025-07-01T20:16:16.620+0000] {docker.py:438} INFO -                     'schema': {'type': 'string'},
[2025-07-01T20:16:16.620+0000] {docker.py:438} INFO -                     'host': {'type': 'string'},
[2025-07-01T20:16:16.621+0000] {docker.py:438} INFO -                     'port': {'type': 'integer'},
[2025-07-01T20:16:16.621+0000] {docker.py:438} INFO -                     'user': {'type': 'string'},
[2025-07-01T20:16:16.621+0000] {docker.py:438} INFO -                     'client_tags': {'anyOf': [{'type': 'array',
[2025-07-01T20:16:16.621+0000] {docker.py:438} INFO -                                                'items': {'type': 'string'}},
[2025-07-01T20:16:16.622+0000] {docker.py:438} INFO -                                               {'type': 'null'}],
[2025-07-01T20:16:16.622+0000] {docker.py:438} INFO -                                     'default': None},
[2025-07-01T20:16:16.622+0000] {docker.py:438} INFO -                     'roles': {'anyOf': [{'type': 'object',
[2025-07-01T20:16:16.623+0000] {docker.py:438} INFO -                                          'additionalProperties': {'type': 'string'},
[2025-07-01T20:16:16.623+0000] {docker.py:438} INFO -                                          'propertyNames': {'type': 'string'}},
[2025-07-01T20:16:16.623+0000] {docker.py:438} INFO -                                         {'type': 'null'}],
[2025-07-01T20:16:16.623+0000] {docker.py:438} INFO -                               'default': None},
[2025-07-01T20:16:16.624+0000] {docker.py:438} INFO -                     'cert': {'anyOf': [{'type': 'string'},
[2025-07-01T20:16:16.624+0000] {docker.py:438} INFO -                                        {'type': 'null'}],
[2025-07-01T20:16:16.624+0000] {docker.py:438} INFO -                              'default': None},
[2025-07-01T20:16:16.624+0000] {docker.py:438} INFO -                     'http_scheme': {'enum': ['http', 'https'],
[2025-07-01T20:16:16.625+0000] {docker.py:438} INFO -                                     'default': 'http'},
[2025-07-01T20:16:16.625+0000] {docker.py:438} INFO -                     'http_headers': {'anyOf': [{'type': 'object',
[2025-07-01T20:16:16.625+0000] {docker.py:438} INFO -                                                 'additionalProperties': {'type': 'string'},
[2025-07-01T20:16:16.625+0000] {docker.py:438} INFO -                                                 'propertyNames': {'type': 'string'}},
[2025-07-01T20:16:16.626+0000] {docker.py:438} INFO -                                                {'type': 'null'}],
[2025-07-01T20:16:16.626+0000] {docker.py:438} INFO -                                      'default': None},
[2025-07-01T20:16:16.626+0000] {docker.py:438} INFO -                     'session_properties': {'type': 'object',
[2025-07-01T20:16:16.626+0000] {docker.py:438} INFO -                                            'propertyNames': {'type': 'string'}},
[2025-07-01T20:16:16.627+0000] {docker.py:438} INFO -                     'prepared_statements_enabled': {'type': 'boolean',
[2025-07-01T20:16:16.627+0000] {docker.py:438} INFO -                                                     'default': True},
[2025-07-01T20:16:16.627+0000] {docker.py:438} INFO -                     'retries': {'anyOf': [{'type': 'integer'},
[2025-07-01T20:16:16.627+0000] {docker.py:438} INFO -                                           {'type': 'null'}],
[2025-07-01T20:16:16.628+0000] {docker.py:438} INFO -                                 'default': 3},
[2025-07-01T20:16:16.628+0000] {docker.py:438} INFO -                     'timezone': {'anyOf': [{'type': 'string'},
[2025-07-01T20:16:16.628+0000] {docker.py:438} INFO -                                            {'type': 'null'}],
[2025-07-01T20:16:16.628+0000] {docker.py:438} INFO -                                  'default': None}},
[2025-07-01T20:16:16.629+0000] {docker.py:438} INFO -      'additionalProperties': True,
[2025-07-01T20:16:16.629+0000] {docker.py:438} INFO -      'required': ['database', 'schema', 'host', 'port', 'user']}
[2025-07-01T20:16:16.629+0000] {docker.py:438} INFO - 
[2025-07-01T20:16:16.629+0000] {docker.py:438} INFO - On instance:
[2025-07-01T20:16:16.629+0000] {docker.py:438} INFO -     {'method': 'none',
[2025-07-01T20:16:16.630+0000] {docker.py:438} INFO -      'host': 'trino',
[2025-07-01T20:16:16.630+0000] {docker.py:438} INFO -      'port': 8080,
[2025-07-01T20:16:16.630+0000] {docker.py:438} INFO -      'database': 'iceberg',
[2025-07-01T20:16:16.630+0000] {docker.py:438} INFO -      'schema': 'silver',
[2025-07-01T20:16:16.631+0000] {docker.py:438} INFO -      'http_scheme': 'http',
[2025-07-01T20:16:16.631+0000] {docker.py:438} INFO -      'session_properties': {'query_max_run_time': '5m',
[2025-07-01T20:16:16.631+0000] {docker.py:438} INFO -                             'exchange_compression': True}}
[2025-07-01T20:16:16.631+0000] {docker.py:438} INFO - 
[2025-07-01T20:16:16.631+0000] {docker.py:438} INFO - The above exception was the direct cause of the following exception:
[2025-07-01T20:16:16.632+0000] {docker.py:438} INFO - 
[2025-07-01T20:16:16.632+0000] {docker.py:438} INFO - Traceback (most recent call last):
[2025-07-01T20:16:16.632+0000] {docker.py:438} INFO -   File "/usr/local/lib/python3.9/site-packages/dbt/cli/requires.py", line 90, in wrapper
[2025-07-01T20:16:16.632+0000] {docker.py:438} INFO - result, success = func(*args, **kwargs)
[2025-07-01T20:16:16.632+0000] {docker.py:438} INFO -   File "/usr/local/lib/python3.9/site-packages/dbt/cli/requires.py", line 75, in wrapper
[2025-07-01T20:16:16.633+0000] {docker.py:438} INFO -     return func(*args, **kwargs)
[2025-07-01T20:16:16.633+0000] {docker.py:438} INFO -   File "/usr/local/lib/python3.9/site-packages/dbt/cli/requires.py", line 165, in wrapper
[2025-07-01T20:16:16.633+0000] {docker.py:438} INFO - profile = load_profile(flags.PROJECT_DIR, flags.VARS, flags.PROFILE, flags.TARGET, threads)
[2025-07-01T20:16:16.633+0000] {docker.py:438} INFO -   File "/usr/local/lib/python3.9/site-packages/dbt/config/runtime.py", line 70, in load_profile
[2025-07-01T20:16:16.634+0000] {docker.py:438} INFO - profile = Profile.render(
[2025-07-01T20:16:16.634+0000] {docker.py:438} INFO -   File "/usr/local/lib/python3.9/site-packages/dbt/config/profile.py", line 436, in render
[2025-07-01T20:16:16.634+0000] {docker.py:438} INFO - return cls.from_raw_profiles(
[2025-07-01T20:16:16.634+0000] {docker.py:438} INFO -   File "/usr/local/lib/python3.9/site-packages/dbt/config/profile.py", line 401, in from_raw_profiles
[2025-07-01T20:16:16.635+0000] {docker.py:438} INFO - return cls.from_raw_profile_info(
[2025-07-01T20:16:16.635+0000] {docker.py:438} INFO -   File "/usr/local/lib/python3.9/site-packages/dbt/config/profile.py", line 355, in from_raw_profile_info
[2025-07-01T20:16:16.635+0000] {docker.py:438} INFO - credentials: Credentials = cls._credentials_from_profile(
[2025-07-01T20:16:16.635+0000] {docker.py:438} INFO -   File "/usr/local/lib/python3.9/site-packages/dbt/config/profile.py", line 171, in _credentials_from_profile
[2025-07-01T20:16:16.636+0000] {docker.py:438} INFO - raise DbtProfileError(
[2025-07-01T20:16:16.636+0000] {docker.py:438} INFO - dbt.exceptions.DbtProfileError: Runtime Error
[2025-07-01T20:16:16.636+0000] {docker.py:438} INFO -   Credentials in profile "agronegocio_iceberg", target "dev" invalid: 'user' is a required property
[2025-07-01T20:16:16.636+0000] {docker.py:438} INFO - 
[2025-07-01T20:16:16.636+0000] {docker.py:438} INFO - During handling of the above exception, another exception occurred:
[2025-07-01T20:16:16.637+0000] {docker.py:438} INFO - 
[2025-07-01T20:16:16.637+0000] {docker.py:438} INFO - Traceback (most recent call last):
[2025-07-01T20:16:16.637+0000] {docker.py:438} INFO -   File "/usr/local/lib/python3.9/site-packages/dbt/cli/requires.py", line 96, in wrapper
[2025-07-01T20:16:16.637+0000] {docker.py:438} INFO - raise ExceptionExit(e)
[2025-07-01T20:16:16.637+0000] {docker.py:438} INFO - dbt.cli.exceptions.ExceptionExit: <exception str() failed>
[2025-07-01T20:16:16.638+0000] {docker.py:438} INFO - 
[2025-07-01T20:16:16.638+0000] {docker.py:438} INFO - During handling of the above exception, another exception occurred:
[2025-07-01T20:16:16.638+0000] {docker.py:438} INFO - 
[2025-07-01T20:16:16.638+0000] {docker.py:438} INFO - Traceback (most recent call last):
[2025-07-01T20:16:16.638+0000] {docker.py:438} INFO -   File "/usr/local/bin/dbt", line 8, in <module>
[2025-07-01T20:16:16.639+0000] {docker.py:438} INFO - sys.exit(cli())
[2025-07-01T20:16:16.639+0000] {docker.py:438} INFO -   File "/usr/local/lib/python3.9/site-packages/click/core.py", line 1161, in __call__
[2025-07-01T20:16:16.639+0000] {docker.py:438} INFO - return self.main(*args, **kwargs)
[2025-07-01T20:16:16.639+0000] {docker.py:438} INFO -   File "/usr/local/lib/python3.9/site-packages/click/core.py", line 1082, in main
[2025-07-01T20:16:16.640+0000] {docker.py:438} INFO - rv = self.invoke(ctx)
[2025-07-01T20:16:16.640+0000] {docker.py:438} INFO -   File "/usr/local/lib/python3.9/site-packages/click/core.py", line 1697, in invoke
[2025-07-01T20:16:16.640+0000] {docker.py:438} INFO - return _process_result(sub_ctx.command.invoke(sub_ctx))
[2025-07-01T20:16:16.640+0000] {docker.py:438} INFO -   File "/usr/local/lib/python3.9/site-packages/click/core.py", line 1443, in invoke
[2025-07-01T20:16:16.640+0000] {docker.py:438} INFO - return ctx.invoke(self.callback, **ctx.params)
[2025-07-01T20:16:16.641+0000] {docker.py:438} INFO -   File "/usr/local/lib/python3.9/site-packages/click/core.py", line 788, in invoke
[2025-07-01T20:16:16.641+0000] {docker.py:438} INFO - return __callback(*args, **kwargs)
[2025-07-01T20:16:16.641+0000] {docker.py:438} INFO -   File "/usr/local/lib/python3.9/site-packages/click/decorators.py", line 33, in new_func
[2025-07-01T20:16:16.641+0000] {docker.py:438} INFO - return f(get_current_context(), *args, **kwargs)
[2025-07-01T20:16:16.641+0000] {docker.py:438} INFO -   File "/usr/local/lib/python3.9/site-packages/dbt/cli/main.py", line 155, in wrapper
[2025-07-01T20:16:16.642+0000] {docker.py:438} INFO - return func(*args, **kwargs)
[2025-07-01T20:16:16.642+0000] {docker.py:438} INFO -   File "/usr/local/lib/python3.9/site-packages/dbt/cli/requires.py", line 108, in wrapper
[2025-07-01T20:16:16.642+0000] {docker.py:438} INFO -     fire_event(
[2025-07-01T20:16:16.642+0000] {docker.py:438} INFO -   File "/usr/local/lib/python3.9/site-packages/dbt/events/functions.py", line 270, in fire_event
[2025-07-01T20:16:16.642+0000] {docker.py:438} INFO - EVENT_MANAGER.fire_event(e, level=level)
[2025-07-01T20:16:16.643+0000] {docker.py:438} INFO -   File "/usr/local/lib/python3.9/site-packages/dbt/events/eventmgr.py", line 17, in fire_event
[2025-07-01T20:16:16.643+0000] {docker.py:438} INFO - msg = msg_from_base_event(e, level=level)
[2025-07-01T20:16:16.643+0000] {docker.py:438} INFO -   File "/usr/local/lib/python3.9/site-packages/dbt/events/base_types.py", line 143, in msg_from_base_event
[2025-07-01T20:16:16.643+0000] {docker.py:438} INFO - "msg": event.message(),
[2025-07-01T20:16:16.644+0000] {docker.py:438} INFO -   File "/usr/local/lib/python3.9/site-packages/dbt/events/types.py", line 2403, in message
[2025-07-01T20:16:16.644+0000] {docker.py:438} INFO - return f"Resource report: {self.to_json()}"
[2025-07-01T20:16:16.644+0000] {docker.py:438} INFO -   File "/usr/local/lib/python3.9/site-packages/dbt/events/base_types.py", line 104, in to_json
[2025-07-01T20:16:16.644+0000] {docker.py:438} INFO - return MessageToJson(
[2025-07-01T20:16:16.644+0000] {docker.py:438} INFO - TypeError: MessageToJson() got an unexpected keyword argument 'including_default_value_fields'
[2025-07-01T20:16:17.000+0000] {taskinstance.py:441} INFO - ::group::Post task execution logs
[2025-07-01T20:16:17.007+0000] {taskinstance.py:2905} ERROR - Task failed with exception
Traceback (most recent call last):
  File "/home/airflow/.local/lib/python3.12/site-packages/docker/api/client.py", line 275, in _raise_for_status
    response.raise_for_status()
  File "/home/airflow/.local/lib/python3.12/site-packages/requests/models.py", line 1024, in raise_for_status
    raise HTTPError(http_error_msg, response=self)
requests.exceptions.HTTPError: 400 Client Error: Bad Request for url: http+docker://localhost/v1.51/containers/create

The above exception was the direct cause of the following exception:

Traceback (most recent call last):
  File "/home/airflow/.local/lib/python3.12/site-packages/airflow/providers/docker/operators/docker.py", line 372, in _run_image
    return self._run_image_with_mounts([*self.mounts, tmp_mount], add_tmp_variable=True)
           ^^^^^^^^^^^^^^^^^^^^^^^^^^^^^^^^^^^^^^^^^^^^^^^^^^^^^^^^^^^^^^^^^^^^^^^^^^^^^
  File "/home/airflow/.local/lib/python3.12/site-packages/airflow/providers/docker/operators/docker.py", line 399, in _run_image_with_mounts
    self.container = self.cli.create_container(
                     ^^^^^^^^^^^^^^^^^^^^^^^^^^
  File "/home/airflow/.local/lib/python3.12/site-packages/docker/api/container.py", line 440, in create_container
    return self.create_container_from_config(config, name, platform)
           ^^^^^^^^^^^^^^^^^^^^^^^^^^^^^^^^^^^^^^^^^^^^^^^^^^^^^^^^^
  File "/home/airflow/.local/lib/python3.12/site-packages/docker/api/container.py", line 457, in create_container_from_config
    return self._result(res, True)
           ^^^^^^^^^^^^^^^^^^^^^^^
  File "/home/airflow/.local/lib/python3.12/site-packages/docker/api/client.py", line 281, in _result
    self._raise_for_status(response)
  File "/home/airflow/.local/lib/python3.12/site-packages/docker/api/client.py", line 277, in _raise_for_status
    raise create_api_error_from_http_exception(e) from e
          ^^^^^^^^^^^^^^^^^^^^^^^^^^^^^^^^^^^^^^^
  File "/home/airflow/.local/lib/python3.12/site-packages/docker/errors.py", line 39, in create_api_error_from_http_exception
    raise cls(e, response=response, explanation=explanation) from e
docker.errors.APIError: 400 Client Error for http+docker://localhost/v1.51/containers/create: Bad Request ("invalid mount config for type "bind": bind source path does not exist: /tmp/airflowtmp2r3hzu64")

During handling of the above exception, another exception occurred:

Traceback (most recent call last):
  File "/home/airflow/.local/lib/python3.12/site-packages/airflow/models/taskinstance.py", line 460, in _execute_task
    result = _execute_callable(context=context, **execute_callable_kwargs)
             ^^^^^^^^^^^^^^^^^^^^^^^^^^^^^^^^^^^^^^^^^^^^^^^^^^^^^^^^^^^^^
  File "/home/airflow/.local/lib/python3.12/site-packages/airflow/models/taskinstance.py", line 432, in _execute_callable
    return execute_callable(context=context, **execute_callable_kwargs)
           ^^^^^^^^^^^^^^^^^^^^^^^^^^^^^^^^^^^^^^^^^^^^^^^^^^^^^^^^^^^^
  File "/home/airflow/.local/lib/python3.12/site-packages/airflow/models/baseoperator.py", line 401, in wrapper
    return func(self, *args, **kwargs)
           ^^^^^^^^^^^^^^^^^^^^^^^^^^^
  File "/home/airflow/.local/lib/python3.12/site-packages/airflow/providers/docker/operators/docker.py", line 513, in execute
    return self._run_image()
           ^^^^^^^^^^^^^^^^^
  File "/home/airflow/.local/lib/python3.12/site-packages/airflow/providers/docker/operators/docker.py", line 381, in _run_image
    return self._run_image_with_mounts(self.mounts, add_tmp_variable=False)
           ^^^^^^^^^^^^^^^^^^^^^^^^^^^^^^^^^^^^^^^^^^^^^^^^^^^^^^^^^^^^^^^^
  File "/home/airflow/.local/lib/python3.12/site-packages/airflow/providers/docker/operators/docker.py", line 446, in _run_image_with_mounts
    raise DockerContainerFailedException(f"Docker container failed: {result!r}", logs=log_lines)
airflow.providers.docker.exceptions.DockerContainerFailedException: Docker container failed: {'StatusCode': 1}
[2025-07-01T20:16:17.012+0000] {taskinstance.py:1206} INFO - Marking task as FAILED. dag_id=dbt_trino_silver_pipeline, task_id=dbt_run_silver, run_id=scheduled__2025-07-01T20:12:00+00:00, execution_date=20250701T201200, start_date=20250701T201611, end_date=20250701T201617
[2025-07-01T20:16:17.022+0000] {standard_task_runner.py:110} ERROR - Failed to execute job 109 for task dbt_run_silver (Docker container failed: {'StatusCode': 1}; 395)
[2025-07-01T20:16:17.029+0000] {local_task_job_runner.py:243} INFO - Task exited with return code 1
[2025-07-01T20:16:17.047+0000] {taskinstance.py:3503} INFO - 0 downstream tasks scheduled from follow-on schedule check
[2025-07-01T20:16:17.051+0000] {local_task_job_runner.py:222} INFO - ::endgroup::
